{
  message: 'Failed to connect to server',
  level: 'error',
  label: 'NM',
  timestamp: '2023-06-15T17:14:09.887Z'
}
{
  message: 'Failed to connect to server',
  level: 'error',
  label: 'NM',
  timestamp: '2023-06-15T17:16:46.501Z'
}
{
  message: 'Failed to connect to server',
  level: 'error',
  label: 'NM',
  timestamp: '2023-06-15T17:25:57.183Z'
}
{
  message: 'Failed to connect to server',
  level: 'error',
  label: 'NM',
  timestamp: '2023-06-15T17:29:05.771Z'
}
{
  message: 'Failed to connect to server',
  level: 'error',
  label: 'NM',
  timestamp: '2023-06-15T17:31:21.970Z'
}
{
  message: 'Failed to connect to server',
  level: 'error',
  label: 'NM',
  timestamp: '2023-06-15T17:33:07.808Z'
}
{
  message: 'Failed to connect to server',
  level: 'error',
  label: 'NM',
  timestamp: '2023-06-15T17:37:37.190Z'
}
